TN:
SF:apps\frontend\src\app\app-routing.module.ts
FNF:0
FNH:0
DA:1,1
DA:2,1
DA:3,1
DA:9,1
LF:4
LH:4
BRF:0
BRH:0
end_of_record
TN:
SF:apps\frontend\src\app\app.component.ts
FN:7,(anonymous_0)
FNF:1
FNH:1
FNDA:6,(anonymous_0)
DA:1,1
DA:7,1
DA:8,6
LF:3
LH:3
BRF:0
BRH:0
end_of_record
TN:
SF:apps\frontend\src\app\app.module.ts
FNF:0
FNH:0
DA:1,1
DA:2,1
DA:4,1
DA:5,1
DA:6,1
DA:7,1
DA:8,1
DA:9,1
DA:10,1
DA:11,1
DA:12,1
DA:49,1
LF:12
LH:12
BRF:0
BRH:0
end_of_record
TN:
SF:apps\frontend\src\app\app.routes.ts
FN:8,(anonymous_6)
FN:9,(anonymous_7)
FN:9,(anonymous_8)
FN:13,(anonymous_9)
FN:14,(anonymous_10)
FN:14,(anonymous_11)
FN:18,(anonymous_12)
FN:19,(anonymous_13)
FN:21,(anonymous_14)
FN:29,(anonymous_15)
FN:30,(anonymous_16)
FN:32,(anonymous_17)
FNF:12
FNH:0
FNDA:0,(anonymous_6)
FNDA:0,(anonymous_7)
FNDA:0,(anonymous_8)
FNDA:0,(anonymous_9)
FNDA:0,(anonymous_10)
FNDA:0,(anonymous_11)
FNDA:0,(anonymous_12)
FNDA:0,(anonymous_13)
FNDA:0,(anonymous_14)
FNDA:0,(anonymous_15)
FNDA:0,(anonymous_16)
FNDA:0,(anonymous_17)
DA:2,1
DA:3,1
DA:5,1
DA:9,0
DA:14,0
DA:19,0
DA:21,0
DA:30,0
DA:32,0
LF:9
LH:3
BRF:0
BRH:0
end_of_record
TN:
SF:apps\frontend\src\app\components\buttons\authButton\auth.button.ts
FN:16,(anonymous_0)
FNF:1
FNH:1
FNDA:7,(anonymous_0)
DA:1,1
DA:3,1
DA:15,1
DA:16,7
LF:4
LH:4
BRF:0
BRH:0
end_of_record
TN:
SF:apps\frontend\src\app\components\buttons\ciri2-button\Ciri2Button.component.ts
FN:35,(anonymous_0)
FNF:1
FNH:1
FNDA:5,(anonymous_0)
DA:1,1
DA:2,1
DA:35,1
DA:36,5
DA:37,5
DA:38,5
DA:39,5
DA:40,5
DA:41,5
LF:9
LH:9
BRF:0
BRH:0
end_of_record
TN:
SF:apps\frontend\src\app\components\buttons\logoutButton\logout.button.ts
FN:18,(anonymous_0)
FN:23,(anonymous_1)
FNF:2
FNH:2
FNDA:4,(anonymous_0)
FNDA:1,(anonymous_1)
DA:1,1
DA:2,1
DA:3,1
DA:17,1
DA:19,4
DA:20,4
DA:24,1
LF:7
LH:7
BRF:0
BRH:0
end_of_record
TN:
SF:apps\frontend\src\app\components\import\drag-and-drop\drag-and-drop.component.ts
FN:20,(anonymous_0)
FN:27,(anonymous_1)
FN:32,(anonymous_2)
FN:37,(anonymous_3)
FN:40,(anonymous_4)
FN:45,(anonymous_5)
FN:56,(anonymous_6)
FN:57,(anonymous_7)
FN:59,(anonymous_8)
FN:68,(anonymous_9)
FN:77,(anonymous_10)
FN:78,(anonymous_11)
FNF:12
FNH:10
FNDA:11,(anonymous_0)
FNDA:11,(anonymous_1)
FNDA:11,(anonymous_2)
FNDA:12,(anonymous_3)
FNDA:2,(anonymous_4)
FNDA:2,(anonymous_5)
FNDA:11,(anonymous_6)
FNDA:0,(anonymous_7)
FNDA:0,(anonymous_8)
FNDA:1,(anonymous_9)
FNDA:3,(anonymous_10)
FNDA:9,(anonymous_11)
DA:1,1
DA:8,1
DA:9,1
DA:10,1
DA:11,1
DA:20,1
DA:21,11
DA:22,11
DA:23,11
DA:25,11
DA:28,11
DA:29,11
DA:33,11
DA:34,11
DA:38,12
DA:41,2
DA:42,2
DA:43,2
DA:44,2
DA:45,2
DA:46,2
DA:47,2
DA:48,2
DA:51,2
DA:57,11
DA:58,0
DA:60,0
DA:61,0
DA:69,1
DA:70,1
DA:71,1
DA:72,3
DA:73,0
DA:77,1
DA:78,3
DA:79,9
DA:81,3
DA:84,1
LF:38
LH:34
BRDA:42,0,0,2
BRDA:42,1,0,2
BRDA:42,1,1,2
BRDA:46,2,0,2
BRDA:72,3,0,0
BRDA:72,4,0,3
BRDA:72,4,1,0
BRF:7
BRH:5
end_of_record
TN:
SF:apps\frontend\src\app\components\navigation\navbar\navbar.component.ts
FN:29,(anonymous_0)
FN:30,(anonymous_1)
FN:33,toggleMenu
FNF:3
FNH:2
FNDA:7,(anonymous_0)
FNDA:5,(anonymous_1)
FNDA:0,toggleMenu
DA:1,1
DA:2,1
DA:3,1
DA:4,1
DA:5,1
DA:6,1
DA:7,1
DA:8,1
DA:9,1
DA:26,1
DA:27,7
DA:29,7
DA:31,5
DA:32,5
DA:33,5
DA:34,0
DA:35,0
DA:36,0
DA:37,0
DA:38,0
LF:20
LH:15
BRDA:32,0,0,5
BRDA:37,1,0,0
BRF:2
BRH:1
end_of_record
TN:
SF:apps\frontend\src\app\components\paginator\paginator.component.ts
FN:12,(anonymous_0)
FN:25,(anonymous_1)
FN:29,(anonymous_2)
FN:30,(anonymous_3)
FN:34,(anonymous_4)
FN:35,(anonymous_5)
FN:39,(anonymous_6)
FN:40,(anonymous_7)
FN:43,(anonymous_8)
FN:46,(anonymous_9)
FN:50,(anonymous_10)
FN:57,(anonymous_11)
FN:66,(anonymous_12)
FNF:13
FNH:13
FNDA:11,(anonymous_0)
FNDA:1,(anonymous_1)
FNDA:1,(anonymous_2)
FNDA:1,(anonymous_3)
FNDA:1,(anonymous_4)
FNDA:1,(anonymous_5)
FNDA:1,(anonymous_6)
FNDA:1,(anonymous_7)
FNDA:1,(anonymous_8)
FNDA:1,(anonymous_9)
FNDA:4,(anonymous_10)
FNDA:23,(anonymous_11)
FNDA:47,(anonymous_12)
DA:1,1
DA:2,1
DA:3,1
DA:12,1
DA:13,11
DA:14,11
DA:15,11
DA:17,11
DA:22,11
DA:23,11
DA:26,1
DA:30,1
DA:31,1
DA:35,1
DA:36,1
DA:40,1
DA:44,1
DA:45,1
DA:46,1
DA:47,1
DA:51,4
DA:58,23
DA:59,1
DA:63,22
DA:67,47
DA:68,2
DA:71,45
DA:74,11
LF:28
LH:28
BRDA:58,0,0,1
BRDA:67,1,0,2
BRF:2
BRH:2
end_of_record
TN:
SF:apps\frontend\src\app\components\stepper\stepper.component.ts
FN:37,(anonymous_0)
FNF:1
FNH:1
FNDA:9,(anonymous_0)
DA:1,1
DA:2,1
DA:3,1
DA:37,1
DA:39,9
DA:40,9
LF:6
LH:6
BRF:0
BRH:0
end_of_record
TN:
SF:apps\frontend\src\app\components\table\table.component.ts
FN:48,(anonymous_0)
FN:66,(anonymous_1)
FN:70,(anonymous_2)
FN:88,(anonymous_3)
FN:94,(anonymous_4)
FN:99,(anonymous_5)
FN:106,(anonymous_6)
FN:113,(anonymous_7)
FN:114,(anonymous_8)
FN:119,(anonymous_9)
FN:125,(anonymous_10)
FN:139,(anonymous_11)
FN:145,(anonymous_12)
FN:147,(anonymous_13)
FN:152,(anonymous_14)
FN:156,(anonymous_15)
FN:161,(anonymous_16)
FN:162,(anonymous_17)
FN:164,(anonymous_18)
FN:171,(anonymous_19)
FN:173,(anonymous_20)
FN:175,(anonymous_21)
FN:178,(anonymous_22)
FN:181,(anonymous_23)
FN:185,(anonymous_24)
FN:187,(anonymous_25)
FN:195,(anonymous_26)
FN:199,(anonymous_27)
FN:200,(anonymous_28)
FNF:29
FNH:20
FNDA:17,(anonymous_0)
FNDA:0,(anonymous_1)
FNDA:0,(anonymous_2)
FNDA:17,(anonymous_3)
FNDA:10,(anonymous_4)
FNDA:10,(anonymous_5)
FNDA:0,(anonymous_6)
FNDA:18,(anonymous_7)
FNDA:2,(anonymous_8)
FNDA:1,(anonymous_9)
FNDA:0,(anonymous_10)
FNDA:1,(anonymous_11)
FNDA:8,(anonymous_12)
FNDA:7,(anonymous_13)
FNDA:1,(anonymous_14)
FNDA:0,(anonymous_15)
FNDA:1,(anonymous_16)
FNDA:1,(anonymous_17)
FNDA:0,(anonymous_18)
FNDA:1,(anonymous_19)
FNDA:0,(anonymous_20)
FNDA:0,(anonymous_21)
FNDA:0,(anonymous_22)
FNDA:1,(anonymous_23)
FNDA:3,(anonymous_24)
FNDA:1,(anonymous_25)
FNDA:2,(anonymous_26)
FNDA:59,(anonymous_27)
FNDA:12,(anonymous_28)
DA:1,1
DA:11,1
DA:12,1
DA:13,1
DA:14,1
DA:15,1
DA:16,1
DA:17,1
DA:18,1
DA:19,1
DA:25,1
DA:26,1
DA:27,1
DA:28,1
DA:48,1
DA:49,17
DA:51,17
DA:52,17
DA:53,17
DA:54,17
DA:55,17
DA:56,17
DA:57,17
DA:58,17
DA:59,17
DA:60,17
DA:62,17
DA:63,17
DA:64,17
DA:67,0
DA:71,0
DA:74,17
DA:76,17
DA:77,17
DA:78,17
DA:79,17
DA:80,17
DA:81,17
DA:82,17
DA:83,17
DA:89,17
DA:90,17
DA:91,17
DA:95,10
DA:96,10
DA:98,10
DA:99,10
DA:105,10
DA:106,0
DA:114,18
DA:115,2
DA:120,1
DA:121,1
DA:122,1
DA:126,0
DA:127,0
DA:128,0
DA:129,0
DA:130,0
DA:132,0
DA:140,1
DA:141,1
DA:142,1
DA:147,8
DA:148,7
DA:153,1
DA:157,0
DA:162,1
DA:163,1
DA:164,0
DA:166,1
DA:168,1
DA:172,1
DA:173,0
DA:175,0
DA:176,0
DA:178,0
DA:181,1
DA:183,1
DA:185,3
DA:187,1
DA:188,1
DA:191,1
DA:196,2
DA:200,59
LF:85
LH:70
BRDA:98,0,0,10
BRDA:105,1,0,0
BRDA:127,2,0,0
BRDA:133,3,0,0
BRDA:133,3,1,0
BRDA:134,4,0,0
BRDA:134,4,1,0
BRDA:163,5,0,0
BRDA:172,6,0,0
BRDA:172,6,1,1
BRF:10
BRH:2
end_of_record
TN:
SF:apps\frontend\src\app\components\table\models\column.model.ts
FN:7,(anonymous_0)
FNF:1
FNH:1
FNDA:1,(anonymous_0)
DA:7,1
DA:8,1
DA:9,1
DA:10,1
DA:11,1
DA:12,1
LF:6
LH:6
BRDA:7,0,0,1
BRDA:7,0,1,1
BRF:2
BRH:2
end_of_record
TN:
SF:apps\frontend\src\app\constants\componentTypes\component.properties.ts
FNF:0
FNH:0
DA:1,1
DA:14,1
LF:2
LH:2
BRF:0
BRH:0
end_of_record
TN:
SF:apps\frontend\src\app\constants\pagination\pagination.model.ts
FN:11,paginationToQueryString
FNF:1
FNH:0
FNDA:0,paginationToQueryString
DA:11,1
DA:12,0
DA:14,0
DA:15,0
DA:18,0
DA:19,0
DA:20,0
DA:23,0
DA:24,0
DA:25,0
DA:28,0
LF:11
LH:1
BRDA:14,0,0,0
BRDA:18,1,0,0
BRDA:23,2,0,0
BRF:3
BRH:0
end_of_record
TN:
SF:apps\frontend\src\app\constants\requestTypes\requestStatus.ts
FN:1,(anonymous_0)
FNF:1
FNH:1
FNDA:1,(anonymous_0)
DA:1,1
DA:2,1
DA:3,1
DA:4,1
DA:5,1
LF:5
LH:5
BRDA:1,0,0,1
BRDA:1,0,1,1
BRF:2
BRH:2
end_of_record
TN:
SF:apps\frontend\src\app\options\notifierOptions.ts
FNF:0
FNH:0
DA:3,1
LF:1
LH:1
BRF:0
BRH:0
end_of_record
TN:
SF:apps\frontend\src\app\pages\components\component-create\component-create.component.ts
FN:33,(anonymous_0)
FN:42,(anonymous_1)
FN:43,(anonymous_2)
FN:53,(anonymous_3)
FN:55,(anonymous_4)
FN:59,(anonymous_5)
FN:66,(anonymous_6)
FN:68,(anonymous_7)
FN:76,(anonymous_8)
FN:94,(anonymous_9)
FN:96,(anonymous_10)
FN:103,(anonymous_11)
FN:104,(anonymous_12)
FN:107,(anonymous_13)
FN:112,(anonymous_14)
FN:115,(anonymous_15)
FN:120,(anonymous_16)
FN:124,(anonymous_17)
FN:129,(anonymous_18)
FN:133,(anonymous_19)
FN:138,(anonymous_20)
FN:140,(anonymous_21)
FN:146,(anonymous_22)
FN:153,(anonymous_23)
FN:159,(anonymous_24)
FN:162,(anonymous_25)
FNF:26
FNH:23
FNDA:9,(anonymous_0)
FNDA:0,(anonymous_1)
FNDA:0,(anonymous_2)
FNDA:2,(anonymous_3)
FNDA:0,(anonymous_4)
FNDA:1,(anonymous_5)
FNDA:2,(anonymous_6)
FNDA:6,(anonymous_7)
FNDA:2,(anonymous_8)
FNDA:2,(anonymous_9)
FNDA:8,(anonymous_10)
FNDA:4,(anonymous_11)
FNDA:4,(anonymous_12)
FNDA:4,(anonymous_13)
FNDA:1,(anonymous_14)
FNDA:1,(anonymous_15)
FNDA:1,(anonymous_16)
FNDA:1,(anonymous_17)
FNDA:1,(anonymous_18)
FNDA:1,(anonymous_19)
FNDA:5,(anonymous_20)
FNDA:2,(anonymous_21)
FNDA:2,(anonymous_22)
FNDA:14,(anonymous_23)
FNDA:2,(anonymous_24)
FNDA:1,(anonymous_25)
DA:2,1
DA:3,1
DA:9,1
DA:10,1
DA:11,1
DA:12,1
DA:13,1
DA:14,1
DA:15,1
DA:16,1
DA:32,1
DA:34,9
DA:35,9
DA:38,9
DA:39,9
DA:40,9
DA:41,9
DA:42,9
DA:43,0
DA:44,0
DA:51,9
DA:52,9
DA:53,9
DA:54,2
DA:55,0
DA:60,1
DA:61,1
DA:64,1
DA:66,1
DA:67,2
DA:68,2
DA:69,6
DA:71,2
DA:74,1
DA:76,1
DA:77,2
DA:78,0
DA:80,2
DA:81,0
DA:83,2
DA:84,2
DA:87,1
DA:88,1
DA:89,1
DA:90,1
DA:91,1
DA:95,2
DA:96,8
DA:97,1
DA:100,1
DA:104,4
DA:105,4
DA:106,2
DA:107,4
DA:113,1
DA:116,1
DA:121,1
DA:122,1
DA:125,1
DA:130,1
DA:131,1
DA:134,1
DA:139,5
DA:141,2
DA:142,0
DA:145,2
DA:146,2
DA:148,2
DA:150,2
DA:154,14
DA:155,14
DA:159,2
DA:163,1
LF:73
LH:67
BRDA:77,0,0,0
BRDA:77,1,0,2
BRDA:77,1,1,2
BRDA:80,2,0,0
BRDA:96,3,0,1
BRDA:105,4,0,2
BRDA:141,5,0,0
BRDA:148,6,0,2
BRDA:148,6,1,0
BRF:9
BRH:5
end_of_record
TN:
SF:apps\frontend\src\app\pages\components\component-overview\component-overview.component.ts
FN:29,(anonymous_0)
FN:38,(anonymous_1)
FN:44,(anonymous_2)
FN:45,(anonymous_3)
FN:53,(anonymous_4)
FN:57,(anonymous_5)
FN:70,(anonymous_6)
FN:71,(anonymous_7)
FN:76,(anonymous_8)
FN:86,(anonymous_9)
FN:100,(anonymous_10)
FN:101,(anonymous_11)
FN:117,(anonymous_12)
FN:122,(anonymous_13)
FNF:14
FNH:13
FNDA:5,(anonymous_0)
FNDA:10,(anonymous_1)
FNDA:10,(anonymous_2)
FNDA:0,(anonymous_3)
FNDA:5,(anonymous_4)
FNDA:1,(anonymous_5)
FNDA:2,(anonymous_6)
FNDA:4,(anonymous_7)
FNDA:4,(anonymous_8)
FNDA:6,(anonymous_9)
FNDA:7,(anonymous_10)
FNDA:7,(anonymous_11)
FNDA:1,(anonymous_12)
FNDA:1,(anonymous_13)
DA:2,1
DA:3,1
DA:10,1
DA:11,1
DA:12,1
DA:17,1
DA:18,1
DA:28,1
DA:30,5
DA:31,5
DA:34,5
DA:35,5
DA:36,5
DA:37,5
DA:38,5
DA:39,10
DA:40,10
DA:42,0
DA:44,5
DA:45,10
DA:46,0
DA:54,5
DA:58,1
DA:59,1
DA:64,1
DA:69,1
DA:70,1
DA:71,2
DA:72,4
DA:76,1
DA:77,4
DA:83,1
DA:92,6
DA:97,6
DA:101,7
DA:102,7
DA:103,7
DA:104,0
DA:105,0
DA:108,7
DA:109,7
DA:110,6
DA:111,6
DA:113,1
DA:118,1
DA:119,1
DA:123,1
LF:47
LH:43
BRDA:39,0,0,10
BRDA:39,1,0,10
BRDA:39,1,1,10
BRDA:103,2,0,0
BRDA:109,3,0,6
BRF:5
BRH:4
end_of_record
TN:
SF:apps\frontend\src\app\service\data-access\component.service.ts
FN:19,(anonymous_0)
FN:26,(anonymous_1)
FN:35,(anonymous_2)
FN:40,(anonymous_3)
FN:53,(anonymous_4)
FN:57,(anonymous_5)
FN:61,(anonymous_6)
FN:65,(anonymous_7)
FN:70,(anonymous_8)
FNF:9
FNH:0
FNDA:0,(anonymous_0)
FNDA:0,(anonymous_1)
FNDA:0,(anonymous_2)
FNDA:0,(anonymous_3)
FNDA:0,(anonymous_4)
FNDA:0,(anonymous_5)
FNDA:0,(anonymous_6)
FNDA:0,(anonymous_7)
FNDA:0,(anonymous_8)
DA:2,1
DA:3,1
DA:4,1
DA:5,1
DA:10,1
DA:12,1
DA:18,1
DA:20,0
DA:21,0
DA:24,0
DA:27,0
DA:36,0
DA:37,0
DA:41,0
DA:54,0
DA:58,0
DA:59,0
DA:61,0
DA:68,0
DA:70,0
LF:20
LH:7
BRF:0
BRH:0
end_of_record
TN:
SF:apps\frontend\src\app\service\directives\role.directive.ts
FN:13,(anonymous_0)
FN:21,(anonymous_1)
FN:23,(anonymous_2)
FN:33,(anonymous_3)
FNF:4
FNH:2
FNDA:7,(anonymous_0)
FNDA:5,(anonymous_1)
FNDA:0,(anonymous_2)
FNDA:0,(anonymous_3)
DA:1,1
DA:2,1
DA:3,1
DA:10,1
DA:14,7
DA:15,7
DA:16,7
DA:18,7
DA:22,5
DA:23,4
DA:24,0
DA:25,0
DA:26,0
DA:28,0
DA:29,0
DA:30,0
DA:31,0
DA:33,0
DA:34,0
DA:36,0
DA:37,0
LF:21
LH:10
BRDA:22,0,0,1
BRDA:24,1,0,0
BRDA:29,2,0,0
BRDA:33,3,0,0
BRF:4
BRH:1
end_of_record
TN:
SF:apps\frontend\src\app\service\guards\permission\permission.guard.ts
FN:9,(anonymous_0)
FN:15,(anonymous_1)
FN:16,(anonymous_2)
FN:29,(anonymous_3)
FN:36,(anonymous_4)
FNF:5
FNH:5
FNDA:2,(anonymous_0)
FNDA:2,(anonymous_1)
FNDA:2,(anonymous_2)
FNDA:1,(anonymous_3)
FNDA:1,(anonymous_4)
DA:1,1
DA:2,1
DA:3,1
DA:4,1
DA:5,1
DA:8,1
DA:10,2
DA:11,2
DA:12,2
DA:16,2
DA:17,2
DA:18,2
DA:19,2
DA:20,2
DA:21,2
DA:22,0
DA:26,0
DA:27,0
DA:29,2
DA:30,1
DA:34,1
DA:36,2
LF:22
LH:19
BRDA:17,0,0,0
BRDA:18,1,0,0
BRDA:21,2,0,0
BRDA:29,3,0,1
BRF:4
BRH:1
end_of_record
TN:
SF:apps\frontend\src\environments\environment.ts
FNF:0
FNH:0
DA:1,1
LF:1
LH:1
BRF:0
BRH:0
end_of_record
